<?xml version="1.0" encoding="UTF-8"?>
<testng-results ignored="0" total="2" passed="1" failed="1" skipped="0">
  <reporter-output>
  </reporter-output>
  <suite started-at="2024-03-12T08:21:03 EDT" name="Suite" finished-at="2024-03-12T08:21:45 EDT" duration-ms="41752">
    <groups>
      <group name="AutomatedTask">
        <method signature="WebstaurantStoreTest.addLastProductRemoveProductFromCart(java.util.HashMap)[pri:0, instance:webstaurantstore.tests.WebstaurantStoreTest@41330d4f]" name="addLastProductRemoveProductFromCart" class="webstaurantstore.tests.WebstaurantStoreTest"/>
      </group> <!-- AutomatedTask -->
    </groups>
    <test started-at="2024-03-12T08:21:03 EDT" name="WebstaurantStoreTest" finished-at="2024-03-12T08:21:45 EDT" duration-ms="41752">
      <class name="webstaurantstore.tests.WebstaurantStoreTest">
        <test-method is-config="true" signature="goToLandingPage()[pri:0, instance:webstaurantstore.tests.WebstaurantStoreTest@41330d4f]" started-at="2024-03-12T08:21:03 EDT" name="goToLandingPage" finished-at="2024-03-12T08:21:09 EDT" duration-ms="6200" status="PASS">
          <reporter-output>
          </reporter-output>
        </test-method> <!-- goToLandingPage -->
        <test-method signature="addLastProductRemoveProductFromCart(java.util.HashMap)[pri:0, instance:webstaurantstore.tests.WebstaurantStoreTest@41330d4f]" started-at="2024-03-12T08:21:09 EDT" name="addLastProductRemoveProductFromCart" data-provider="getData" finished-at="2024-03-12T08:21:20 EDT" duration-ms="10959" status="PASS">
          <params>
            <param index="0">
              <value>
                <![CDATA[{productSearchCriteria=Table, cartEmptyMessage=Your cart is empty., product=stainless work table}]]>
              </value>
            </param>
          </params>
          <reporter-output>
          </reporter-output>
        </test-method> <!-- addLastProductRemoveProductFromCart -->
        <test-method is-config="true" signature="tearDown()[pri:0, instance:webstaurantstore.tests.WebstaurantStoreTest@41330d4f]" started-at="2024-03-12T08:21:20 EDT" name="tearDown" finished-at="2024-03-12T08:21:21 EDT" duration-ms="509" status="PASS">
          <reporter-output>
          </reporter-output>
        </test-method> <!-- tearDown -->
        <test-method is-config="true" signature="goToLandingPage()[pri:0, instance:webstaurantstore.tests.WebstaurantStoreTest@41330d4f]" started-at="2024-03-12T08:21:21 EDT" name="goToLandingPage" finished-at="2024-03-12T08:21:26 EDT" duration-ms="5422" status="PASS">
          <reporter-output>
          </reporter-output>
        </test-method> <!-- goToLandingPage -->
        <test-method signature="addLastProductRemoveProductFromCart(java.util.HashMap)[pri:0, instance:webstaurantstore.tests.WebstaurantStoreTest@41330d4f]" started-at="2024-03-12T08:21:26 EDT" name="addLastProductRemoveProductFromCart" data-provider="getData" finished-at="2024-03-12T08:21:44 EDT" duration-ms="17547" status="FAIL">
          <params>
            <param index="0">
              <value>
                <![CDATA[{productSearchCriteria=Plate, cartEmptyMessage=Your cart is empty bla., product=plate}]]>
              </value>
            </param>
          </params>
          <exception class="java.lang.AssertionError">
            <message>
              <![CDATA[expected [Your cart is empty.] but found [Your cart is empty bla.]]]>
            </message>
            <full-stacktrace>
              <![CDATA[java.lang.AssertionError: expected [Your cart is empty.] but found [Your cart is empty bla.]
at org.testng.Assert.fail(Assert.java:111)
at org.testng.Assert.failNotEquals(Assert.java:1578)
at org.testng.Assert.assertEqualsImpl(Assert.java:150)
at org.testng.Assert.assertEquals(Assert.java:132)
at org.testng.Assert.assertEquals(Assert.java:656)
at org.testng.Assert.assertEquals(Assert.java:666)
at webstaurantstore.tests.WebstaurantStoreTest.addLastProductRemoveProductFromCart(WebstaurantStoreTest.java:29)
at java.base/jdk.internal.reflect.DirectMethodHandleAccessor.invoke(DirectMethodHandleAccessor.java:103)
at java.base/java.lang.reflect.Method.invoke(Method.java:580)
at org.testng.internal.invokers.MethodInvocationHelper.invokeMethod(MethodInvocationHelper.java:139)
at org.testng.internal.invokers.TestInvoker.invokeMethod(TestInvoker.java:664)
at org.testng.internal.invokers.TestInvoker.invokeTestMethod(TestInvoker.java:227)
at org.testng.internal.invokers.MethodRunner.runInSequence(MethodRunner.java:50)
at org.testng.internal.invokers.TestInvoker$MethodInvocationAgent.invoke(TestInvoker.java:957)
at org.testng.internal.invokers.TestInvoker.invokeTestMethods(TestInvoker.java:200)
at org.testng.internal.invokers.TestMethodWorker.invokeTestMethods(TestMethodWorker.java:148)
at org.testng.internal.invokers.TestMethodWorker.run(TestMethodWorker.java:128)
at java.base/java.util.ArrayList.forEach(ArrayList.java:1596)
at org.testng.TestRunner.privateRun(TestRunner.java:848)
at org.testng.TestRunner.run(TestRunner.java:621)
at org.testng.SuiteRunner.runTest(SuiteRunner.java:443)
at org.testng.SuiteRunner.runSequentially(SuiteRunner.java:437)
at org.testng.SuiteRunner.privateRun(SuiteRunner.java:397)
at org.testng.SuiteRunner.run(SuiteRunner.java:336)
at org.testng.SuiteRunnerWorker.runSuite(SuiteRunnerWorker.java:52)
at org.testng.SuiteRunnerWorker.run(SuiteRunnerWorker.java:95)
at org.testng.TestNG.runSuitesSequentially(TestNG.java:1280)
at org.testng.TestNG.runSuitesLocally(TestNG.java:1200)
at org.testng.TestNG.runSuites(TestNG.java:1114)
at org.testng.TestNG.run(TestNG.java:1082)
at org.testng.remote.AbstractRemoteTestNG.run(AbstractRemoteTestNG.java:115)
at org.testng.remote.RemoteTestNG.initAndRun(RemoteTestNG.java:251)
at org.testng.remote.RemoteTestNG.main(RemoteTestNG.java:77)
]]>
            </full-stacktrace>
          </exception> <!-- java.lang.AssertionError -->
          <reporter-output>
          </reporter-output>
        </test-method> <!-- addLastProductRemoveProductFromCart -->
        <test-method is-config="true" signature="tearDown()[pri:0, instance:webstaurantstore.tests.WebstaurantStoreTest@41330d4f]" started-at="2024-03-12T08:21:44 EDT" name="tearDown" finished-at="2024-03-12T08:21:45 EDT" duration-ms="323" status="PASS">
          <reporter-output>
          </reporter-output>
        </test-method> <!-- tearDown -->
      </class> <!-- webstaurantstore.tests.WebstaurantStoreTest -->
    </test> <!-- WebstaurantStoreTest -->
  </suite> <!-- Suite -->
</testng-results>
